Arguments: 
  /Users/santi/.nvm/versions/node/v8.16.0/bin/node /Users/santi/.nvm/versions/node/v8.16.0/bin/yarn publish --access public

PATH: 
  /Users/santi/.nvm/versions/node/v8.16.0/bin:/Users/santi/.yarn/bin:/Users/santi/.config/yarn/global/node_modules/.bin:/usr/local/bin:/usr/bin:/bin:/usr/sbin:/sbin

Yarn version: 
  1.19.1

Node version: 
  8.16.0

Platform: 
  darwin x64

Trace: 
  Error: https://registry.yarnpkg.com/-/user/org.couchdb.user:santi-elus: child "email" fails because ["email" must be a valid email]
      at Request.params.callback [as _callback] (/Users/santi/.nvm/versions/node/v8.16.0/lib/node_modules/yarn/lib/cli.js:66926:18)
      at Request.self.callback (/Users/santi/.nvm/versions/node/v8.16.0/lib/node_modules/yarn/lib/cli.js:140564:22)
      at emitTwo (events.js:126:13)
      at Request.emit (events.js:214:7)
      at Request.<anonymous> (/Users/santi/.nvm/versions/node/v8.16.0/lib/node_modules/yarn/lib/cli.js:141536:10)
      at emitOne (events.js:116:13)
      at Request.emit (events.js:211:7)
      at IncomingMessage.<anonymous> (/Users/santi/.nvm/versions/node/v8.16.0/lib/node_modules/yarn/lib/cli.js:141458:12)
      at Object.onceWrapper (events.js:313:30)
      at emitNone (events.js:111:20)

npm manifest: 
  {
    "name": "@blast-engine/interactive-scripts",
    "version": "0.0.4",
    "main": "lib/index.js",
    "bin": {
      "iscripts": "bin/start.js",
      "s": "bin/start.js"
    },
    "dependencies": {
      "@blast-engine/utils": "^0.0.3",
      "chalk": "^2.4.2",
      "fuzzy": "^0.1.3",
      "inquirer": "^6.2.0",
      "inquirer-autocomplete-prompt": "^1.0.1"
    }
  }

yarn manifest: 
  No manifest

Lockfile: 
  No lockfile
